Build started 12/2/2012 12:18:42 PM.
     1>Project "E:\Zander\Dropbox\School\Senior Design\f_Zeus\Zeus\Engine\Engine.vcxproj" on node 2 (build target(s)).
     1>InitializeBuildStatus:
         Creating "Debug\Engine.unsuccessfulbuild" because "AlwaysCreate" was specified.
       ClCompile:
         e:\Program Files (x86)\Microsoft Visual Studio 10.0\VC\bin\CL.exe /c /IInclude /Zi /nologo /W3 /WX- /Od /Oy- /D WIN32 /D _DEBUG /D _WINDOWS /D _UNICODE /D UNICODE /Gm /EHsc /RTC1 /MDd /GS /fp:precise /Zc:wchar_t /Zc:forScope /Fo"Debug\\" /Fd"Debug\vc100.pdb" /Gd /TP /analyze- /errorReport:prompt cameraclass.cpp geometryclassObj.cpp main.cpp geometryclass.cpp objectclass.cpp shaderclass.cpp
         shaderclass.cpp
         objectclass.cpp
         geometryclass.cpp
         main.cpp
     1>main.cpp(156): warning C4305: 'argument' : truncation from 'double' to 'FLOAT'
     1>main.cpp(166): warning C4305: '=' : truncation from 'double' to 'float'
     1>main.cpp(174): warning C4305: 'argument' : truncation from 'double' to 'FLOAT'
     1>main.cpp(216): warning C4305: 'argument' : truncation from 'double' to 'FLOAT'
     1>main.cpp(333): warning C4244: 'initializing' : conversion from 'float' to 'int', possible loss of data
     1>main.cpp(336): warning C4305: 'argument' : truncation from 'double' to 'FLOAT'
     1>main.cpp(371): warning C4244: 'argument' : conversion from 'double' to 'FLOAT', possible loss of data
     1>main.cpp(372): warning C4305: 'argument' : truncation from 'double' to 'FLOAT'
     1>main.cpp(413): warning C4244: '+=' : conversion from 'double' to 'float', possible loss of data
     1>main.cpp(414): warning C4244: 'argument' : conversion from 'double' to 'float', possible loss of data
     1>main.cpp(415): warning C4244: '+=' : conversion from 'double' to 'float', possible loss of data
     1>main.cpp(559): warning C4305: 'argument' : truncation from 'double' to 'FLOAT'
     1>main.cpp(566): warning C4305: 'argument' : truncation from 'double' to 'FLOAT'
     1>main.cpp(573): warning C4305: 'argument' : truncation from 'double' to 'FLOAT'
     1>main.cpp(580): warning C4305: 'argument' : truncation from 'double' to 'FLOAT'
         geometryclassObj.cpp
     1>geometryclassObj.cpp(15): warning C4018: '<' : signed/unsigned mismatch
     1>geometryclassObj.cpp(46): warning C4996: 'strtok': This function or variable may be unsafe. Consider using strtok_s instead. To disable deprecation, use _CRT_SECURE_NO_WARNINGS. See online help for details.
                 e:\Program Files (x86)\Microsoft Visual Studio 10.0\VC\include\string.h(197) : see declaration of 'strtok'
     1>geometryclassObj.cpp(58): warning C4018: '<' : signed/unsigned mismatch
     1>geometryclassObj.cpp(155): warning C4244: '=' : conversion from 'double' to 'float', possible loss of data
     1>geometryclassObj.cpp(156): warning C4244: '=' : conversion from 'double' to 'float', possible loss of data
     1>geometryclassObj.cpp(177): warning C4244: 'argument' : conversion from 'double' to 'float', possible loss of data
     1>geometryclassObj.cpp(177): warning C4244: 'argument' : conversion from 'double' to 'float', possible loss of data
     1>geometryclassObj.cpp(187): warning C4244: 'argument' : conversion from 'double' to 'float', possible loss of data
     1>geometryclassObj.cpp(187): warning C4244: 'argument' : conversion from 'double' to 'float', possible loss of data
         cameraclass.cpp
         Generating Code...
       ManifestResourceCompile:
         c:\Program Files (x86)\Microsoft SDKs\Windows\v7.0A\bin\rc.exe /nologo /fo"Debug\Engine.exe.embed.manifest.res" Debug\Engine_manifest.rc 
       Link:
         e:\Program Files (x86)\Microsoft Visual Studio 10.0\VC\bin\link.exe /ERRORREPORT:PROMPT /OUT:"E:\Zander\Dropbox\School\Senior Design\f_Zeus\Zeus\Engine\Debug\Engine.exe" /INCREMENTAL /NOLOGO /LIBPATH:Lib\x86 Winmm.lib d3dx11.lib d3d11.lib d3d10.lib d3dx10.lib kernel32.lib user32.lib gdi32.lib winspool.lib comdlg32.lib advapi32.lib shell32.lib ole32.lib oleaut32.lib uuid.lib odbc32.lib odbccp32.lib kernel32.lib user32.lib gdi32.lib winspool.lib comdlg32.lib advapi32.lib shell32.lib ole32.lib oleaut32.lib uuid.lib odbc32.lib odbccp32.lib /MANIFEST /ManifestFile:"Debug\Engine.exe.intermediate.manifest" /MANIFESTUAC:"level='asInvoker' uiAccess='false'" /DEBUG /PDB:"E:\Zander\Dropbox\School\Senior Design\f_Zeus\Zeus\Engine\Debug\Engine.pdb" /SUBSYSTEM:WINDOWS /TLBID:1 /DYNAMICBASE /NXCOMPAT /IMPLIB:"E:\Zander\Dropbox\School\Senior Design\f_Zeus\Zeus\Engine\Debug\Engine.lib" /MACHINE:X86 Debug\Engine.exe.embed.manifest.res
         Debug\cameraclass.obj
         Debug\geometryclassObj.obj
         Debug\main.obj
         Debug\geometryclass.obj
         Debug\objectclass.obj
         Debug\shaderclass.obj
       Manifest:
         c:\Program Files (x86)\Microsoft SDKs\Windows\v7.0A\bin\mt.exe /nologo /verbose /out:"Debug\Engine.exe.embed.manifest" /manifest Debug\Engine.exe.intermediate.manifest
         c:\Program Files (x86)\Microsoft SDKs\Windows\v7.0A\bin\rc.exe /nologo /fo"Debug\Engine.exe.embed.manifest.res" Debug\Engine_manifest.rc 
       LinkEmbedManifest:
         e:\Program Files (x86)\Microsoft Visual Studio 10.0\VC\bin\link.exe /ERRORREPORT:PROMPT /OUT:"E:\Zander\Dropbox\School\Senior Design\f_Zeus\Zeus\Engine\Debug\Engine.exe" /INCREMENTAL /NOLOGO /LIBPATH:Lib\x86 Winmm.lib d3dx11.lib d3d11.lib d3d10.lib d3dx10.lib kernel32.lib user32.lib gdi32.lib winspool.lib comdlg32.lib advapi32.lib shell32.lib ole32.lib oleaut32.lib uuid.lib odbc32.lib odbccp32.lib kernel32.lib user32.lib gdi32.lib winspool.lib comdlg32.lib advapi32.lib shell32.lib ole32.lib oleaut32.lib uuid.lib odbc32.lib odbccp32.lib /MANIFEST /ManifestFile:"Debug\Engine.exe.intermediate.manifest" /MANIFESTUAC:"level='asInvoker' uiAccess='false'" /DEBUG /PDB:"E:\Zander\Dropbox\School\Senior Design\f_Zeus\Zeus\Engine\Debug\Engine.pdb" /SUBSYSTEM:WINDOWS /TLBID:1 /DYNAMICBASE /NXCOMPAT /IMPLIB:"E:\Zander\Dropbox\School\Senior Design\f_Zeus\Zeus\Engine\Debug\Engine.lib" /MACHINE:X86 Debug\Engine.exe.embed.manifest.res
         Debug\cameraclass.obj
         Debug\geometryclassObj.obj
         Debug\main.obj
         Debug\geometryclass.obj
         Debug\objectclass.obj
         Debug\shaderclass.obj
         Engine.vcxproj -> E:\Zander\Dropbox\School\Senior Design\f_Zeus\Zeus\Engine\Debug\Engine.exe
       FinalizeBuildStatus:
         Deleting file "Debug\Engine.unsuccessfulbuild".
         Touching "Debug\Engine.lastbuildstate".
     1>Done Building Project "E:\Zander\Dropbox\School\Senior Design\f_Zeus\Zeus\Engine\Engine.vcxproj" (build target(s)).

Build succeeded.

Time Elapsed 00:00:04.59
